


materialPath: F:\Program Files\Steam\steamapps\common\Team Fortress 2\tf\materials
Loading F:\Program Files\Steam\steamapps\common\Team Fortress 2\tf\maps\cp_nautilus\cp_nautilus_a5.vmf
ConVarRef mat_reduceparticles doesn't point to an existing ConVar
Patching WVT material: maps/cp_nautilus_a5/dev/dev_blendmeasure_wvt_patch
fixing up env_cubemap materials on brush sides...
0...1...2...3...4...5...6...7...8...9...100...1...2...3...4...5...6...7...8...9...10Processing areas...done (0)
Building Faces...done (0)
Chop Details...done (0)
Find Visible Detail Sides...done (0)
Merging details...done (0)
FixTjuncs...
PruneNodes...
WriteBSP...
done (1)
writing F:\Program Files\Steam\steamapps\common\Team Fortress 2\tf\maps\cp_nautilus\cp_nautilus_a5.prt...Building visibility clusters...
done (0)
*** Error: Skybox vtf files for skybox/sky_nightfall_01 weren't compiled with the same size texture and/or same flags!
Can't load skybox file skybox/sky_nightfall_01 to build the default cubemap!
*** Error: Skybox vtf files for skybox/sky_nightfall_01 weren't compiled with the same size texture and/or same flags!
Can't load skybox file skybox/sky_nightfall_01 to build the default cubemap!
Finding displacement neighbors...
Found a displacement edge abutting multiple other edges.
Finding lightmap sample positions...
Displacement Alpha : 0...1...2...3...4...5...6...7...8...9...10
Building Physics collision data...
done (1) (794296 bytes)
Static prop models/props_moonbase/moon_handrail128_full.mdl outside the map (2741.00, 3295.00, -120.00)
Static prop models/props_lights/light_cone_farm_32.mdl outside the map (3714.00, 579.00, 655.00)
Static prop models/props_lights/light_cone_farm_32.mdl outside the map (4087.00, 579.00, 655.00)
Placing detail props : 0...1...2...3...4...5...6...7...8...9...10
Water found with no water_lod_control entity, creating a default one.
Compacting texture/material tables...
Reduced 5199 texinfos to 2999
Reduced 87 texdatas to 68 (2710 bytes to 1949)
Writing F:\Program Files\Steam\steamapps\common\Team Fortress 2\tf\maps\cp_nautilus\cp_nautilus_a5.bsp
Wrote ZIP buffer, estimated size 9254, actual size 6896
10 seconds elapsed
