


materialPath: F:\Program Files\Steam\steamapps\common\Team Fortress 2\tf\materials
Loading F:\Program Files\Steam\steamapps\common\Team Fortress 2\tf\maps\cp_nautilus\cp_nautilus_a3.vmf
ConVarRef mat_reduceparticles doesn't point to an existing ConVar
Patching WVT material: maps/cp_nautilus_a3/dev/dev_blendmeasure_wvt_patch
fixing up env_cubemap materials on brush sides...
0...1...2...3...4...5...6...7...8...9...100...1...2...3...4...5...6...7...8...9...10Processing areas...done (0)
Building Faces...done (0)
Chop Details...done (0)
Find Visible Detail Sides...done (0)
Merging details...done (0)
FixTjuncs...
PruneNodes...
WriteBSP...
done (0)
writing F:\Program Files\Steam\steamapps\common\Team Fortress 2\tf\maps\cp_nautilus\cp_nautilus_a3.prt...Building visibility clusters...
done (0)
*** Error: Skybox vtf files for skybox/sky_alpinestorm_01 weren't compiled with the same size texture and/or same flags!
Can't load skybox file skybox/sky_alpinestorm_01 to build the default cubemap!
*** Error: Skybox vtf files for skybox/sky_alpinestorm_01 weren't compiled with the same size texture and/or same flags!
Can't load skybox file skybox/sky_alpinestorm_01 to build the default cubemap!
Finding displacement neighbors...
Finding lightmap sample positions...
Displacement Alpha : 0...1...2...3...4...5...6...7...8...9...10
Building Physics collision data...
done (0) (621081 bytes)
Static prop models/props_moonbase/moon_handrail128_full.mdl outside the map (2952.00, 1116.00, 261.00)
Static prop models/props_gameplay/sign_gameplay01_witharrow_r.mdl outside the map (2614.00, 961.00, 327.00)
Static prop models/props_gameplay/sign_gameplay01_witharrow_r.mdl outside the map (3030.00, 1267.00, 327.00)
Static prop models/props_2fort/groundlight001.mdl outside the map (4769.00, 397.00, 221.00)
Static prop models/props_2fort/groundlight001.mdl outside the map (3014.00, 357.00, -1.00)
Static prop models/props_2fort/groundlight001.mdl outside the map (3208.00, 131.00, -1.00)
Static prop models/props_2fort/groundlight001.mdl outside the map (2786.00, 357.00, -1.00)
Static prop models/props_2fort/groundlight001.mdl outside the map (2559.00, 357.00, -1.00)
Static prop models/props_2fort/groundlight001.mdl outside the map (2505.00, 776.00, -1.00)
Static prop models/props_lights/light_cone_farm_32.mdl outside the map (3958.00, 567.00, 623.00)
Static prop models/props_lights/light_cone_farm_32.mdl outside the map (3582.00, 335.00, 655.00)
Static prop models/props_lights/light_cone_farm_32.mdl outside the map (3955.00, 335.00, 655.00)
Static prop models/props_lights/light_cone_farm_32.mdl outside the map (3192.00, -9.00, 534.00)
Placing detail props : 0...1...2...3...4...5...6...7...8...9...10
Compacting texture/material tables...
Reduced 4109 texinfos to 1983
Reduced 57 texdatas to 46 (1506 bytes to 1201)
Writing F:\Program Files\Steam\steamapps\common\Team Fortress 2\tf\maps\cp_nautilus\cp_nautilus_a3.bsp
Wrote ZIP buffer, estimated size 3458, actual size 2574
4 seconds elapsed



4 threads
reading f:\program files\steam\steamapps\common\team fortress 2\tf\maps\cp_nautilus\cp_nautilus_a3.bsp
reading f:\program files\steam\steamapps\common\team fortress 2\tf\maps\cp_nautilus\cp_nautilus_a3.prt
2659 portalclusters
8463 numportals
0...1...2...3...4...5...6...7...8...9...100...1...2...3...4...5...6...7...8...9


materialPath: F:\Program Files\Steam\steamapps\common\Team Fortress 2\tf\materials
Loading F:\Program Files\Steam\steamapps\common\Team Fortress 2\tf\maps\cp_nautilus\cp_nautilus_a3.vmf
ConVarRef mat_reduceparticles doesn't point to an existing ConVar
Patching WVT material: maps/cp_nautilus_a3/dev/dev_blendmeasure_wvt_patch
fixing up env_cubemap materials on brush sides...
0...1...2...3...4...5...6...7...8...9...100...1...2...3...4...5...6...7...8...9...10.Processing areas...done (0)
Building Faces...done (0)
Chop Details...done (0)
Find Visible Detail Sides...done (0)
Merging details...done (0)
FixTjuncs...
PruneNodes...
WriteBSP...
done (1)
writing F:\Program Files\Steam\steamapps\common\Team Fortress 2\tf\maps\cp_nautilus\cp_nautilus_a3.prt...Building visibility clusters...
done (0)
*** Error: Skybox vtf files for skybox/sky_alpinestorm_01 weren't compiled with the same size texture and/or same flags!
Can't load skybox file skybox/sky_alpinestorm_01 to build the default cubemap!
*** Error: Skybox vtf files for skybox/sky_alpinestorm_01 weren't compiled with the same size texture and/or same flags!
Can't load skybox file skybox/sky_alpinestorm_01 to build the default cubemap!
Finding displacement neighbors...
Finding lightmap sample positions...
Displacement Alpha : 0...1...2...3...4...5...6...7...8...9...10
Building Physics collision data...
done (1) (621081 bytes)
Static prop models/props_moonbase/moon_handrail128_full.mdl outside the map (2952.00, 1116.00, 261.00)
Static prop models/props_gameplay/sign_gameplay01_witharrow_r.mdl outside the map (2614.00, 961.00, 327.00)
Static prop models/props_gameplay/sign_gameplay01_witharrow_r.mdl outside the map (3030.00, 1267.00, 327.00)
Static prop models/props_2fort/groundlight001.mdl outside the map (4769.00, 397.00, 221.00)
Static prop models/props_2fort/groundlight001.mdl outside the map (3014.00, 357.00, -1.00)
Static prop models/props_2fort/groundlight001.mdl outside the map (3208.00, 131.00, -1.00)
Static prop models/props_2fort/groundlight001.mdl outside the map (2786.00, 357.00, -1.00)
Static prop models/props_2fort/groundlight001.mdl outside the map (2559.00, 357.00, -1.00)
Static prop models/props_2fort/groundlight001.mdl outside the map (2505.00, 776.00, -1.00)
Static prop models/props_lights/light_cone_farm_32.mdl outside the map (3958.00, 567.00, 623.00)
Static prop models/props_lights/light_cone_farm_32.mdl outside the map (3582.00, 335.00, 655.00)
Static prop models/props_lights/light_cone_farm_32.mdl outside the map (3955.00, 335.00, 655.00)
Static prop models/props_lights/light_cone_farm_32.mdl outside the map (3192.00, -9.00, 534.00)
Placing detail props : 0...1...2...3...4...5...6...7...8...9...10
Compacting texture/material tables...
Reduced 4109 texinfos to 1983
Reduced 57 texdatas to 46 (1506 bytes to 1201)
Writing F:\Program Files\Steam\steamapps\common\Team Fortress 2\tf\maps\cp_nautilus\cp_nautilus_a3.bsp
Wrote ZIP buffer, estimated size 3458, actual size 2574
10 seconds elapsed



4 threads
reading f:\program files\steam\steamapps\common\team fortress 2\tf\maps\cp_nautilus\cp_nautilus_a3.bsp
reading f:\program files\steam\steamapps\common\team fortress 2\tf\maps\cp_nautilus\cp_nautilus_a3.prt
2659 portalclusters
8463 numportals
0...1...2...3...4...5...6...7...8...9...100...1...2....3....4.10Optimized: 14056 visible clusters (1.53%)
Total clusters visible: 919432
Average clusters visible: 345
Building PAS...
Average clusters audible: 1309
visdatasize:854609  compressed from 1786848
writing f:\program files\steam\steamapps\common\team fortress 2\tf\maps\cp_nautilus\cp_nautilus_a3.bsp
32 minutes, 54 seconds elapsed
..5...6...7...8...9...10Optimized: 14048 visible clusters (1.53%)
Total clusters visible: 919424
Average clusters visible: 345
Building PAS...
Average clusters audible: 1309
visdatasize:854609  compressed from 1786848
writing f:\program files\steam\steamapps\common\team fortress 2\tf\maps\cp_nautilus\cp_nautilus_a3.bsp
28 minutes, 46 seconds elapsed



[Reading texlights from 'lights.rad']
[56 texlights parsed from 'lights.rad']

Loading f:\program files\steam\steamapps\common\team fortress 2\tf\maps\cp_nautilus\cp_nautilus_a3.bsp
8654 faces
672212 square feet [96798640.00 square inches]
12 Displacements
29682 Square Feet [4274300.00 Square Inches]
8654 patches before subdivision
93670 patches after subdivision
121 direct lights
0...1...2...3...4...5...6...7...8...9...100...1...2...3...4...5...6...7...8...9...10transfers 15191283, max 785
transfer lists: 115.9 megs
0...1...2...3...4...5...6...7...8...9...10	Bounce #1 added RGB(215480, 219080, 156545)
0...1...2...3...4...5...6...7...8...9...10	Bounce #2 added RGB(61785, 58710, 39339)
0...1...2...3...4...5...6...7...8...9...10	Bounce #3 added RGB(18759, 16914, 10755)
0...1...2...3...4...5...6...7...8...9...10	Bounce #4 added RGB(5826, 4999, 3041)
0...1...2...3...4...5...6...7...8...9...10	Bounce #5 added RGB(1868, 1521, 890)
0...1...2...3...4...5...6...7...8...9...10	Bounce #6 added RGB(613, 470, 266)
0...1...2...3...4...5...6...7...8...9...10	Bounce #7 added RGB(208, 148, 81)
0...1...2...3...4...5...6...7...8...9...10	Bounce #8 added RGB(73, 47, 25)
0...1...2...3...4...5...6...7...8...9...10	Bounce #9 added RGB(27, 15, 8)
0...1...2...3...4...5...6...7...8...9...10	Bounce #10 added RGB(11, 5, 2)
0...1...2...3...4...5...6...7...8...9...10	Bounce #11 added RGB(5, 2, 1)
0...1...2...3...4...5...6...7...8...9...10	Bounce #12 added RGB(2, 1, 0)
0...1...2...3...4...5...6...7...8...9...10	Bounce #13 added RGB(1, 0, 0)
0...1...2...3...4...5...6...7...8...9...10	Bounce #14 added RGB(1, 0, 0)
Build Patch/Sample Hash Table(s).....Done<0.0702 sec>
0...1...2...3...4...5...6...7...8...9...10FinalLightFace Done
0 of 0 (0% of) surface lights went in leaf ambient cubes.
0...1...2...3...4...5...6...7...8...9...10Writing leaf ambient...done
Ready to Finish

Object names       Objects/Maxobjs  Memory / Maxmem  Fullness 
------------       ---------------  ---------------  -------- 
models                  41/1024         1968/49152    ( 4.0%) 
brushes               1627/8192        19524/98304    (19.9%) 
brushsides           13222/65536      105776/524288   (20.2%) 
planes               10512/65536      210240/1310720  (16.0%) 
vertexes             13786/65536      165432/786432   (21.0%) 
nodes                 5387/65536      172384/2097152  ( 8.2%) 
texinfos              1983/12288      142776/884736   (16.1%) 
texdata                 46/2048         1472/65536    ( 2.2%) 
dispinfos               12/0            2112/0        ( 0.0%) 
disp_verts             972/0           19440/0        ( 0.0%) 
disp_tris             1536/0            3072/0        ( 0.0%) 
disp_lmsamples       74536/0           74536/0        ( 0.0%) 
faces                 8654/65536      484624/3670016  (13.2%) 
hdr faces                0/65536           0/3670016  ( 0.0%) 
origfaces             4377/65536      245112/3670016  ( 6.7%) 
leaves                5429/65536      173728/2097152  ( 8.3%) 
leaffaces            10146/65536       20292/131072   (15.5%) 
leafbrushes           4803/65536        9606/131072   ( 7.3%) 
areas                    2/256            16/2048     ( 0.8%) 
surfedges            58435/512000     233740/2048000  (11.4%) 
edges                33597/256000     134388/1024000  (13.1%) 
LDR worldlights        121/8192        10648/720896   ( 1.5%) 
HDR worldlights          0/8192            0/720896   ( 0.0%) 
leafwaterdata            0/32768           0/393216   ( 0.0%) 
waterstrips            630/32768        6300/327680   ( 1.9%) 
waterverts               0/65536           0/786432   ( 0.0%) 
waterindices         10227/65536       20454/131072   (15.6%) 
cubemapsamples           1/1024           16/16384    ( 0.1%) 
overlays                23/512          8096/180224   ( 4.5%) 
LDR lightdata         [variable]     3316860/0        ( 0.0%) 
HDR lightdata         [variable]           0/0        ( 0.0%) 
visdata               [variable]      854609/16777216 ( 5.1%) 
entdata               [variable]       96037/393216   (24.4%) 
LDR ambient table     5429/65536       21716/262144   ( 8.3%) 
HDR ambient table     5429/65536       21716/262144   ( 8.3%) 
LDR leaf ambient     23829/65536      667212/1835008  (36.4%) 
HDR leaf ambient      5429/65536      152012/1835008  ( 8.3%) 
occluders                0/0               0/0        ( 0.0%) 
occluder polygons        0/0               0/0        ( 0.0%) 
occluder vert ind        0/0               0/0        ( 0.0%) 
detail props          [variable]           1/12       ( 8.3%) 
static props          [variable]           1/17986    ( 0.0%) 
pakfile               [variable]        2574/0        ( 0.0%) 
physics               [variable]      621081/4194304  (14.8%) 
physics terrain       [variable]        4138/1048576  ( 0.4%) 

Level flags = 0

Total triangle count: 23447
Writing f:\program files\steam\steamapps\common\team fortress 2\tf\maps\cp_nautilus\cp_nautilus_a3.bsp
1 minute, 29 seconds elapsed



[Reading texlights from 'lights.rad']
[56 texlights parsed from 'lights.rad']

Loading f:\program files\steam\steamapps\common\team fortress 2\tf\maps\cp_nautilus\cp_nautilus_a3.bsp
8654 faces
672212 square feet [96798640.00 square inches]
12 Displacements
29682 Square Feet [4274300.00 Square Inches]
8654 patches before subdivision
93670 patches after subdivision
121 direct lights
0...1...2...3...4...5...6...7...8...9...100...1...2...3...4...5...6...7...8...9...10transfers 15191283, max 785
transfer lists: 115.9 megs
0...1...2...3...4...5...6...7...8...9...10	Bounce #1 added RGB(200464, 202365, 140422)
0...1...2...3...4...5...6...7...8...9...10	Bounce #2 added RGB(57702, 54497, 35602)
0...1...2...3...4...5...6...7...8...9...10	Bounce #3 added RGB(17610, 15824, 9849)
0...1...2...3...4...5...6...7...8...9...10	Bounce #4 added RGB(5486, 4705, 2807)
0...1...2...3...4...5...6...7...8...9...10	Bounce #5 added RGB(1760, 1439, 828)
0...1...2...3...4...5...6...7...8...9...10	Bounce #6 added RGB(577, 447, 249)
0...1...2...3...4...5...6...7...8...9...10	Bounce #7 added RGB(194, 141, 76)
0...1...2...3...4...5...6...7...8...9...10	Bounce #8 added RGB(67, 45, 24)
0...1...2...3...4...5...6...7...8...9...10	Bounce #9 added RGB(24, 14, 7)
0...1...2...3...4...5...6...7...8...9...10	Bounce #10 added RGB(9, 5, 2)
0...1...2...3...4...5...6...7...8...9...10	Bounce #11 added RGB(4, 2, 1)
0...1...2...3...4...5...6...7...8...9...10	Bounce #12 added RGB(2, 1, 0)
0...1...2...3...4...5...6...7...8...9...10	Bounce #13 added RGB(1, 0, 0)
Build Patch/Sample Hash Table(s).....Done<0.0435 sec>
0...1...2...3...4...5...6...7...8...9...10FinalLightFace Done
0 of 0 (0% of) surface lights went in leaf ambient cubes.
0...1...2...3...4...5...6...7...8...9...10Writing leaf ambient...done
Ready to Finish

Object names       Objects/Maxobjs  Memory / Maxmem  Fullness 
------------       ---------------  ---------------  -------- 
models                  41/1024         1968/49152    ( 4.0%) 
brushes               1627/8192        19524/98304    (19.9%) 
brushsides           13222/65536      105776/524288   (20.2%) 
planes               10512/65536      210240/1310720  (16.0%) 
vertexes             13786/65536      165432/786432   (21.0%) 
nodes                 5387/65536      172384/2097152  ( 8.2%) 
texinfos              1983/12288      142776/884736   (16.1%) 
texdata                 46/2048         1472/65536    ( 2.2%) 
dispinfos               12/0            2112/0        ( 0.0%) 
disp_verts             972/0           19440/0        ( 0.0%) 
disp_tris             1536/0            3072/0        ( 0.0%) 
disp_lmsamples       74536/0           74536/0        ( 0.0%) 
faces                 8654/65536      484624/3670016  (13.2%) 
hdr faces             8654/65536      484624/3670016  (13.2%) 
origfaces             4377/65536      245112/3670016  ( 6.7%) 
leaves                5429/65536      173728/2097152  ( 8.3%) 
leaffaces            10146/65536       20292/131072   (15.5%) 
leafbrushes           4803/65536        9606/131072   ( 7.3%) 
areas                    2/256            16/2048     ( 0.8%) 
surfedges            58435/512000     233740/2048000  (11.4%) 
edges                33597/256000     134388/1024000  (13.1%) 
LDR worldlights        121/8192        10648/720896   ( 1.5%) 
HDR worldlights        121/8192        10648/720896   ( 1.5%) 
leafwaterdata            0/32768           0/393216   ( 0.0%) 
waterstrips            630/32768        6300/327680   ( 1.9%) 
waterverts               0/65536           0/786432   ( 0.0%) 
waterindices         10227/65536       20454/131072   (15.6%) 
cubemapsamples           1/1024           16/16384    ( 0.1%) 
overlays                23/512          8096/180224   ( 4.5%) 
LDR lightdata         [variable]     3316860/0        ( 0.0%) 
HDR lightdata         [variable]     3316860/0        ( 0.0%) 
visdata               [variable]      854609/16777216 ( 5.1%) 
entdata               [variable]       96037/393216   (24.4%) 
LDR ambient table     5429/65536       21716/262144   ( 8.3%) 
HDR ambient table     5429/65536       21716/262144   ( 8.3%) 
LDR leaf ambient     23829/65536      667212/1835008  (36.4%) 
HDR leaf ambient     23485/65536      657580/1835008  (35.8%) 
occluders                0/0               0/0        ( 0.0%) 
occluder polygons        0/0               0/0        ( 0.0%) 
occluder vert ind        0/0               0/0        ( 0.0%) 
detail props          [variable]           1/12       ( 8.3%) 
static props          [variable]           1/17986    ( 0.0%) 
pakfile               [variable]        2574/0        ( 0.0%) 
physics               [variable]      621081/4194304  (14.8%) 
physics terrain       [variable]        4138/1048576  ( 0.4%) 

Level flags = 0

Total triangle count: 23447
Writing f:\program files\steam\steamapps\common\team fortress 2\tf\maps\cp_nautilus\cp_nautilus_a3.bsp
1 minute, 27 seconds elapsed
