


materialPath: F:\Program Files\Steam\steamapps\common\Team Fortress 2\tf\materials
Loading F:\Program Files\Steam\steamapps\common\Team Fortress 2\tf\maps\cp_nautilus\cp_nautilus_a6.vmf
ConVarRef mat_reduceparticles doesn't point to an existing ConVar
Patching WVT material: maps/cp_nautilus_a6/dev/dev_blendmeasure_wvt_patch
fixing up env_cubemap materials on brush sides...
0...1...2...3...4...5...6...7...8...9...100...1...2...3...4...5...6...7...8...9...10Processing areas...done (0)
Building Faces...done (0)
Chop Details...done (0)
Find Visible Detail Sides...done (0)
Merging details...done (0)
FixTjuncs...
PruneNodes...
WriteBSP...
done (1)
writing F:\Program Files\Steam\steamapps\common\Team Fortress 2\tf\maps\cp_nautilus\cp_nautilus_a6.prt...Building visibility clusters...
done (0)
*** Error: Skybox vtf files for skybox/sky_nightfall_01 weren't compiled with the same size texture and/or same flags!
Can't load skybox file skybox/sky_nightfall_01 to build the default cubemap!
*** Error: Skybox vtf files for skybox/sky_nightfall_01 weren't compiled with the same size texture and/or same flags!
Can't load skybox file skybox/sky_nightfall_01 to build the default cubemap!
Finding displacement neighbors...
Found a displacement edge abutting multiple other edges.
Finding lightmap sample positions...
Displacement Alpha : 0...1...2...3...4...5...6...7...8...9...10
Building Physics collision data...
done (1) (387148 bytes)
Static prop models/props_moonbase/moon_handrail128_full.mdl outside the map (1653.89, 2821.51, -120.00)
Static prop models/props_lights/light_cone_farm_32.mdl outside the map (3714.00, 579.00, 655.00)
Static prop models/props_lights/light_cone_farm_32.mdl outside the map (4087.00, 579.00, 655.00)
Placing detail props : 0...1...2...3...4...5...6...7...8...9...10
Water found with no water_lod_control entity, creating a default one.
Compacting texture/material tables...
Reduced 2745 texinfos to 1515
Reduced 60 texdatas to 48 (1621 bytes to 1126)
Writing F:\Program Files\Steam\steamapps\common\Team Fortress 2\tf\maps\cp_nautilus\cp_nautilus_a6.bsp
Wrote ZIP buffer, estimated size 4135, actual size 2983
8 seconds elapsed



4 threads
reading f:\program files\steam\steamapps\common\team fortress 2\tf\maps\cp_nautilus\cp_nautilus_a6.bsp
reading f:\program files\steam\steamapps\common\team fortress 2\tf\maps\cp_nautilus\cp_nautilus_a6.prt
3683 portalclusters
12370 numportals
0...1...2...3...4...5...6...7...8...9...10Optimized: 1062973 visible clusters (12.56%)
Total clusters visible: 8464576
Average clusters visible: 2298
Building PAS...
Average clusters audible: 3647
visdatasize:3154966  compressed from 3417824
writing f:\program files\steam\steamapps\common\team fortress 2\tf\maps\cp_nautilus\cp_nautilus_a6.bsp
12 seconds elapsed



[Reading texlights from 'lights.rad']
[56 texlights parsed from 'lights.rad']

Loading f:\program files\steam\steamapps\common\team fortress 2\tf\maps\cp_nautilus\cp_nautilus_a6.bsp
8625 faces
5 degenerate faces
1255482 square feet [180789408.00 square inches]
71 Displacements
27678 Square Feet [3985643.00 Square Inches]
8620 patches before subdivision
zero area child patch
78118 patches after subdivision
67 direct lights
0...1...2...3...4...5...6...7...8...9...100...1...2...3...4...5...6...7...8...9...10transfers 9529732, max 780
transfer lists:  72.7 megs
0...1...2...3...4...5...6...7...8...9...10	Bounce #1 added RGB(187690, 280493, 203200)
0...1...2...3...4...5...6...7...8...9...10	Bounce #2 added RGB(45079, 62740, 44202)
0...1...2...3...4...5...6...7...8...9...10	Bounce #3 added RGB(12050, 16247, 11113)
0...1...2...3...4...5...6...7...8...9...10	Bounce #4 added RGB(3304, 4290, 2870)
0...1...2...3...4...5...6...7...8...9...10	Bounce #5 added RGB(943, 1184, 775)
0...1...2...3...4...5...6...7...8...9...10	Bounce #6 added RGB(272, 329, 212)
0...1...2...3...4...5...6...7...8...9...10	Bounce #7 added RGB(81, 94, 59)
0...1...2...3...4...5...6...7...8...9...10	Bounce #8 added RGB(24, 27, 17)
0...1...2...3...4...5...6...7...8...9...10	Bounce #9 added RGB(7, 8, 5)
0...1...2...3...4...5...6...7...8...9...10	Bounce #10 added RGB(2, 2, 1)
0...1...2...3...4...5...6...7...8...9...10	Bounce #11 added RGB(1, 1, 0)
Build Patch/Sample Hash Table(s).....Done<0.0355 sec>
0...1...2...3...4...5...6...7...8...9...10FinalLightFace Done
0 of 0 (0% of) surface lights went in leaf ambient cubes.
0...1...2...3...4...5...6...7...8...9...10Writing leaf ambient...done
Ready to Finish

Object names       Objects/Maxobjs  Memory / Maxmem  Fullness 
------------       ---------------  ---------------  -------- 
models                  21/1024         1008/49152    ( 2.1%) 
brushes                969/8192        11628/98304    (11.8%) 
brushsides           10244/65536       81952/524288   (15.6%) 
planes               10972/65536      219440/1310720  (16.7%) 
vertexes             13984/65536      167808/786432   (21.3%) 
nodes                 6958/65536      222656/2097152  (10.6%) 
texinfos              1515/12288      109080/884736   (12.3%) 
texdata                 48/2048         1536/65536    ( 2.3%) 
dispinfos               71/0           12496/0        ( 0.0%) 
disp_verts            5751/0          115020/0        ( 0.0%) 
disp_tris             9088/0           18176/0        ( 0.0%) 
disp_lmsamples       80432/0           80432/0        ( 0.0%) 
faces                 8625/65536      483000/3670016  (13.2%) 
hdr faces                0/65536           0/3670016  ( 0.0%) 
origfaces             3190/65536      178640/3670016  ( 4.9%) 
leaves                6980/65536      223360/2097152  (10.7%) 
leaffaces            10084/65536       20168/131072   (15.4%) 
leafbrushes           5913/65536       11826/131072   ( 9.0%) 
areas                    2/256            16/2048     ( 0.8%) 
surfedges            54284/512000     217136/2048000  (10.6%) 
edges                31416/256000     125664/1024000  (12.3%) 
LDR worldlights         67/8192         5896/720896   ( 0.8%) 
HDR worldlights          0/8192            0/720896   ( 0.0%) 
leafwaterdata            5/32768          60/393216   ( 0.0%) 
waterstrips            812/32768        8120/327680   ( 2.5%) 
waterverts               0/65536           0/786432   ( 0.0%) 
waterindices         12768/65536       25536/131072   (19.5%) 
cubemapsamples           0/1024            0/16384    ( 0.0%) 
overlays                20/512          7040/180224   ( 3.9%) 
LDR lightdata         [variable]     3062844/0        ( 0.0%) 
HDR lightdata         [variable]           0/0        ( 0.0%) 
visdata               [variable]     3154966/16777216 (18.8%) 
entdata               [variable]       48435/393216   (12.3%) 
LDR ambient table     6980/65536       27920/262144   (10.7%) 
HDR ambient table     6980/65536       27920/262144   (10.7%) 
LDR leaf ambient     41105/65536     1150940/1835008  (62.7%) 
HDR leaf ambient      6980/65536      195440/1835008  (10.7%) 
occluders                0/0               0/0        ( 0.0%) 
occluder polygons        0/0               0/0        ( 0.0%) 
occluder vert ind        0/0               0/0        ( 0.0%) 
detail props          [variable]           1/12       ( 8.3%) 
static props          [variable]           1/4830     ( 0.0%) 
pakfile               [variable]        2983/0        ( 0.0%) 
physics               [variable]      387148/4194304  ( 9.2%) 
physics terrain       [variable]       17219/1048576  ( 1.6%) 

Level flags = 0

Total triangle count: 23798
Writing f:\program files\steam\steamapps\common\team fortress 2\tf\maps\cp_nautilus\cp_nautilus_a6.bsp
1 minute, 47 seconds elapsed
