


materialPath: F:\Program Files\Steam\steamapps\common\Team Fortress 2\tf\materials
Loading F:\Program Files\Steam\steamapps\common\Team Fortress 2\tf\maps\cp_nautilus\cp_nautilus_a4.vmf
ConVarRef mat_reduceparticles doesn't point to an existing ConVar
Patching WVT material: maps/cp_nautilus_a4/dev/dev_blendmeasure_wvt_patch
fixing up env_cubemap materials on brush sides...
0...1...2...3...4...5...6...7...8...9...100...1...2...3...4...5...6...7...8...9...10Processing areas...done (0)
Building Faces...done (0)
Chop Details...done (0)
Find Visible Detail Sides...
Merged 2 detail faces...done (0)
Merging details...done (0)
FixTjuncs...
PruneNodes...
WriteBSP...
done (0)
writing F:\Program Files\Steam\steamapps\common\Team Fortress 2\tf\maps\cp_nautilus\cp_nautilus_a4.prt...Building visibility clusters...
done (0)
*** Error: Skybox vtf files for skybox/sky_alpinestorm_01 weren't compiled with the same size texture and/or same flags!
Can't load skybox file skybox/sky_alpinestorm_01 to build the default cubemap!
*** Error: Skybox vtf files for skybox/sky_alpinestorm_01 weren't compiled with the same size texture and/or same flags!
Can't load skybox file skybox/sky_alpinestorm_01 to build the default cubemap!
Finding displacement neighbors...
Finding lightmap sample positions...
Displacement Alpha : 0...1...2...3...4...5...6...7...8...9...10
Building Physics collision data...
done (0) (161937 bytes)
Static prop models/props_moonbase/moon_handrail128_full.mdl outside the map (2952.00, 1116.00, 261.00)
Static prop models/props_gameplay/sign_gameplay01_witharrow_r.mdl outside the map (2614.00, 961.00, 327.00)
Static prop models/props_gameplay/sign_gameplay01_witharrow_r.mdl outside the map (3030.00, 1267.00, 327.00)
Static prop models/props_2fort/groundlight001.mdl outside the map (4769.00, 397.00, 221.00)
Static prop models/props_2fort/groundlight001.mdl outside the map (3014.00, 357.00, -1.00)
Static prop models/props_2fort/groundlight001.mdl outside the map (3208.00, 131.00, -1.00)
Static prop models/props_2fort/groundlight001.mdl outside the map (2786.00, 357.00, -1.00)
Static prop models/props_2fort/groundlight001.mdl outside the map (2559.00, 357.00, -1.00)
Static prop models/props_2fort/groundlight001.mdl outside the map (2505.00, 776.00, -1.00)
Static prop models/props_lights/light_cone_farm_32.mdl outside the map (3958.00, 567.00, 623.00)
Static prop models/props_lights/light_cone_farm_32.mdl outside the map (3582.00, 335.00, 655.00)
Static prop models/props_lights/light_cone_farm_32.mdl outside the map (3955.00, 335.00, 655.00)
Static prop models/props_lights/light_cone_farm_32.mdl outside the map (3192.00, -9.00, 534.00)
Placing detail props : 0...1...2...3...4...5...6...7...8...9...10
Compacting texture/material tables...
Reduced 1105 texinfos to 470
Reduced 47 texdatas to 38 (1194 bytes to 878)
Writing F:\Program Files\Steam\steamapps\common\Team Fortress 2\tf\maps\cp_nautilus\cp_nautilus_a4.bsp
Wrote ZIP buffer, estimated size 2362, actual size 1746
2 seconds elapsed



materialPath: F:\Program Files\Steam\steamapps\common\Team Fortress 2\tf\materials
Loading F:\Program Files\Steam\steamapps\common\Team Fortress 2\tf\maps\cp_nautilus\cp_nautilus_a4.vmf
ConVarRef mat_reduceparticles doesn't point to an existing ConVar
Patching WVT material: maps/cp_nautilus_a4/dev/dev_blendmeasure_wvt_patch
fixing up env_cubemap materials on brush sides...
0...1...2...3...4...5...6...7...8...9...10**** leaked ****
Entity func_door (2665.00 1636.00 174.25) leaked!

FindPortalSide: Couldn't find a good match for which brush to assign to a portal near (4096.0 3584.0 8.0)
Leaf 0 contents: CONTENTS_SOLID 
Leaf 1 contents: 
viscontents (node 0 contents ^ node 1 contents): CONTENTS_SOLID 
This means that none of the brushes in leaf 0 or 1 that touches the portal has CONTENTS_SOLID 
Check for a huge brush enclosing the coordinates above that has contents CONTENTS_SOLID 
Candidate brush IDs: 


FindPortalSide: Couldn't find a good match for which brush to assign to a portal near (4608.0 4096.0 8.0)
Leaf 0 contents: 
Leaf 1 contents: CONTENTS_SOLID 
viscontents (node 0 contents ^ node 1 contents): CONTENTS_SOLID 
This means that none of the brushes in leaf 0 or 1 that touches the portal has CONTENTS_SOLID 
Check for a huge brush enclosing the coordinates above that has contents CONTENTS_SOLID 
Candidate brush IDs: 


FindPortalSide: Couldn't find a good match for which brush to assign to a portal near (5120.0 3584.0 8.0)
Leaf 0 contents: 
Leaf 1 contents: CONTENTS_SOLID 
viscontents (node 0 contents ^ node 1 contents): CONTENTS_SOLID 
This means that none of the brushes in leaf 0 or 1 that touches the portal has CONTENTS_SOLID 
Check for a huge brush enclosing the coordinates above that has contents CONTENTS_SOLID 
Candidate brush IDs: 


FindPortalSide: Couldn't find a good match for which brush to assign to a portal near (4096.0 2560.0 -428.0)
Leaf 0 contents: CONTENTS_SOLID 
Leaf 1 contents: 
viscontents (node 0 contents ^ node 1 contents): CONTENTS_SOLID 
This means that none of the brushes in leaf 0 or 1 that touches the portal has CONTENTS_SOLID 
Check for a huge brush enclosing the coordinates above that has contents CONTENTS_SOLID 
Candidate brush IDs: 


FindPortalSide: Couldn't find a good match for which brush to assign to a portal near (4096.0 2260.0 120.0)
Leaf 0 contents: CONTENTS_SOLID 
Leaf 1 contents: 
viscontents (node 0 contents ^ node 1 contents): CONTENTS_SOLID 
This means that none of the brushes in leaf 0 or 1 that touches the portal has CONTENTS_SOLID 
Check for a huge brush enclosing the coordinates above that has contents CONTENTS_SOLID 
Candidate brush IDs: 


FindPortalSide: Couldn't find a good match for which brush to assign to a portal near (4096.0 2772.0 120.0)
Leaf 0 contents: CONTENTS_SOLID 
Leaf 1 contents: 
viscontents (node 0 contents ^ node 1 contents): CONTENTS_SOLID 
This means that none of the brushes in leaf 0 or 1 that touches the portal has CONTENTS_SOLID 
Check for a huge brush enclosing the coordinates above that has contents CONTENTS_SOLID 
Candidate brush IDs: 


FindPortalSide: Couldn't find a good match for which brush to assign to a portal near (4096.0 2260.0 556.0)
Leaf 0 contents: CONTENTS_SOLID 
Leaf 1 contents: 
viscontents (node 0 contents ^ node 1 contents): CONTENTS_SOLID 
This means that none of the brushes in leaf 0 or 1 that touches the portal has CONTENTS_SOLID 
Check for a huge brush enclosing the coordinates above that has contents CONTENTS_SOLID 
Candidate brush IDs: 


FindPortalSide: Couldn't find a good match for which brush to assign to a portal near (4096.0 2772.0 556.0)
Leaf 0 contents: CONTENTS_SOLID 
Leaf 1 contents: 
viscontents (node 0 contents ^ node 1 contents): CONTENTS_SOLID 
This means that none of the brushes in leaf 0 or 1 that touches the portal has CONTENTS_SOLID 
Check for a huge brush enclosing the coordinates above that has contents CONTENTS_SOLID 
Candidate brush IDs: 

*** Suppressing further FindPortalSide errors.... ***
Processing areas...done (0)
Building Faces...done (0)
Chop Details...done (0)
Find Visible Detail Sides...
Merged 2 detail faces...done (0)
Merging details...done (0)
FixTjuncs...
PruneNodes...
WriteBSP...
done (0)
*** Error: Skybox vtf files for skybox/sky_alpinestorm_01 weren't compiled with the same size texture and/or same flags!
Can't load skybox file skybox/sky_alpinestorm_01 to build the default cubemap!
*** Error: Skybox vtf files for skybox/sky_alpinestorm_01 weren't compiled with the same size texture and/or same flags!
Can't load skybox file skybox/sky_alpinestorm_01 to build the default cubemap!
Finding displacement neighbors...
Finding lightmap sample positions...
Displacement Alpha : 0...1...2...3...4...5...6...7...8...9...10
Building Physics collision data...
done (0) (613178 bytes)
Static prop models/props_moonbase/moon_handrail128_full.mdl outside the map (2952.00, 1116.00, 261.00)
Static prop models/props_gameplay/sign_gameplay01_witharrow_r.mdl outside the map (2614.00, 961.00, 327.00)
Static prop models/props_gameplay/sign_gameplay01_witharrow_r.mdl outside the map (3030.00, 1267.00, 327.00)
Static prop models/props_2fort/groundlight001.mdl outside the map (4769.00, 397.00, 221.00)
Static prop models/props_2fort/groundlight001.mdl outside the map (3014.00, 357.00, -1.00)
Static prop models/props_2fort/groundlight001.mdl outside the map (3208.00, 131.00, -1.00)
Static prop models/props_2fort/groundlight001.mdl outside the map (2786.00, 357.00, -1.00)
Static prop models/props_2fort/groundlight001.mdl outside the map (2559.00, 357.00, -1.00)
Static prop models/props_2fort/groundlight001.mdl outside the map (2505.00, 776.00, -1.00)
Static prop models/props_lights/light_cone_farm_32.mdl outside the map (3958.00, 567.00, 623.00)
Static prop models/props_lights/light_cone_farm_32.mdl outside the map (3582.00, 335.00, 655.00)
Static prop models/props_lights/light_cone_farm_32.mdl outside the map (3955.00, 335.00, 655.00)
Static prop models/props_lights/light_cone_farm_32.mdl outside the map (3192.00, -9.00, 534.00)
Placing detail props : 0...1...2...3...4...5...6...7...8...9...10
Compacting texture/material tables...
Reduced 4083 texinfos to 2119
Reduced 64 texdatas to 54 (1645 bytes to 1363)
Writing F:\Program Files\Steam\steamapps\common\Team Fortress 2\tf\maps\cp_nautilus\cp_nautilus_a4.bsp
Wrote ZIP buffer, estimated size 3458, actual size 2574
3 seconds elapsed
